21:33:54.295  INFO  manager.ApplicationManager - Current URL ---> https://ilcarro-1578153671498.web.app/search
21:33:54.368  INFO  tests.TestBase - Start method with name ->>searchAnyPeriod
21:33:54.375  INFO  manager.MyListener - WebDriver starts find element ---> By.id: dates
21:33:54.486  INFO  manager.MyListener - WebDriver starts find element ---> By.cssSelector: #city
21:33:54.668  INFO  manager.MyListener - WebDriver starts find element ---> By.cssSelector: .pac-item
21:33:55.647  INFO  manager.MyListener - WebDriver starts find element ---> By.id: dates
21:33:55.777  INFO  manager.MyListener - WebDriver starts find element ---> By.xpath: //button[@aria-label='Next month']
21:33:55.859  INFO  manager.MyListener - WebDriver starts find element ---> By.xpath: //div[text()=' 25 ']
21:33:55.969  INFO  manager.MyListener - WebDriver starts find element ---> By.xpath: //button[@aria-label='Next month']
21:33:56.045  INFO  manager.MyListener - WebDriver starts find element ---> By.xpath: //button[@aria-label='Next month']
21:33:56.120  INFO  manager.MyListener - WebDriver starts find element ---> By.xpath: //button[@aria-label='Next month']
21:33:56.182  INFO  manager.MyListener - WebDriver starts find element ---> By.xpath: //button[@aria-label='Next month']
21:33:56.246  INFO  manager.MyListener - WebDriver starts find element ---> By.xpath: //button[@aria-label='Next month']
21:33:56.307  INFO  manager.MyListener - WebDriver starts find element ---> By.xpath: //button[@aria-label='Next month']
21:33:56.376  INFO  manager.MyListener - WebDriver starts find element ---> By.xpath: //button[@aria-label='Next month']
21:33:56.442  INFO  manager.MyListener - WebDriver starts find element ---> By.xpath: //button[@aria-label='Next month']
21:33:56.502  INFO  manager.MyListener - WebDriver starts find element ---> By.xpath: //button[@aria-label='Next month']
21:33:56.561  INFO  manager.MyListener - WebDriver starts find element ---> By.xpath: //div[text()=' 25 ']
21:33:56.639  INFO  manager.MyListener - WebDriver starts find element ---> By.cssSelector: button[type='submit']
21:33:56.736  INFO  manager.MyListener - WebDriver starts find element ---> By.cssSelector: button[type='submit']
21:33:57.948  INFO  manager.MyListener - WebDriver starts find element ---> By.cssSelector: .logo
21:33:58.291  INFO  tests.TestBase - Start method with name ->>searchCurrentMounts
21:33:58.293  INFO  manager.MyListener - WebDriver starts find element ---> By.cssSelector: #city
21:33:58.472  INFO  manager.MyListener - WebDriver starts find element ---> By.cssSelector: .pac-item
21:33:59.496  INFO  manager.MyListener - WebDriver starts find element ---> By.id: dates
21:33:59.627  INFO  manager.MyListener - WebDriver starts find element ---> By.id: dates
21:33:59.717  INFO  manager.MyListener - WebDriver starts find element ---> By.xpath: //div[text()=' 28 ']
21:33:59.785  INFO  manager.MyListener - WebDriver starts find element ---> By.xpath: //div[text() = ' 27 ']
21:33:59.866  INFO  manager.MyListener - WebDriver starts find element ---> By.cssSelector: button[type='submit']
21:33:59.918  INFO  manager.MyListener - WebDriver starts find element ---> By.cssSelector: button[type='submit']
21:34:01.427  INFO  manager.MyListener - WebDriver starts find element ---> By.cssSelector: .logo
21:34:01.638  INFO  tests.TestBase - Start method with name ->>searchCurrentYear
21:34:01.640  INFO  manager.MyListener - WebDriver starts find element ---> By.id: dates
21:34:01.721  INFO  manager.MyListener - WebDriver starts find element ---> By.cssSelector: #city
21:34:01.895  INFO  manager.MyListener - WebDriver starts find element ---> By.cssSelector: .pac-item
21:34:03.429  INFO  manager.MyListener - WebDriver starts find element ---> By.id: dates
21:34:03.541  INFO  manager.MyListener - WebDriver starts find element ---> By.id: dates
21:34:03.643  INFO  manager.MyListener - WebDriver starts find element ---> By.xpath: //div[text()=' 30 ']
21:34:03.721  INFO  manager.MyListener - WebDriver starts find element ---> By.xpath: //button[@aria-label='Next month']
21:34:03.808  INFO  manager.MyListener - WebDriver starts find element ---> By.xpath: //button[@aria-label='Next month']
21:34:03.872  INFO  manager.MyListener - WebDriver starts find element ---> By.xpath: //button[@aria-label='Next month']
21:34:03.931  INFO  manager.MyListener - WebDriver starts find element ---> By.xpath: //button[@aria-label='Next month']
21:34:03.988  INFO  manager.MyListener - WebDriver starts find element ---> By.xpath: //button[@aria-label='Next month']
21:34:04.048  INFO  manager.MyListener - WebDriver starts find element ---> By.xpath: //div[text()=' 2 ']
21:34:04.122  INFO  manager.MyListener - WebDriver starts find element ---> By.cssSelector: button[type='submit']
21:34:04.164  INFO  manager.MyListener - WebDriver starts find element ---> By.cssSelector: button[type='submit']
21:34:05.303  INFO  manager.MyListener - WebDriver starts find element ---> By.cssSelector: .logo
21:34:05.515  INFO  tests.TestBase - Start method with name ->>searchCurrentYearLocalDate
21:34:05.516  INFO  manager.MyListener - WebDriver starts find element ---> By.id: dates
21:34:05.598  INFO  manager.MyListener - WebDriver starts find element ---> By.cssSelector: #city
21:34:05.740  INFO  manager.MyListener - WebDriver starts find element ---> By.cssSelector: .pac-item
21:34:06.752  INFO  manager.MyListener - WebDriver starts find element ---> By.id: dates
21:34:06.830  INFO  manager.MyListener - WebDriver starts find element ---> By.xpath: //button[@aria-label='Next month']
21:34:06.905  INFO  manager.MyListener - WebDriver starts find element ---> By.xpath: //div[text()=' 10 ']
21:34:06.995  INFO  manager.MyListener - WebDriver starts find element ---> By.xpath: //button[@aria-label='Next month']
21:34:07.063  INFO  manager.MyListener - WebDriver starts find element ---> By.xpath: //button[@aria-label='Next month']
21:34:07.120  INFO  manager.MyListener - WebDriver starts find element ---> By.xpath: //button[@aria-label='Next month']
21:34:07.189  INFO  manager.MyListener - WebDriver starts find element ---> By.xpath: //button[@aria-label='Next month']
21:34:07.247  INFO  manager.MyListener - WebDriver starts find element ---> By.xpath: //div[text()=' 2 ']
21:34:07.314  INFO  manager.MyListener - WebDriver starts find element ---> By.cssSelector: button[type='submit']
21:34:07.364  INFO  manager.MyListener - WebDriver starts find element ---> By.cssSelector: button[type='submit']
21:34:09.278  INFO  manager.MyListener - WebDriver starts find element ---> By.cssSelector: .logo
21:34:09.506  INFO  tests.TestBase - Start method with name ->>searchPeriodPastNegative
21:34:09.508  INFO  manager.MyListener - WebDriver starts find element ---> By.id: dates
21:34:09.601  INFO  manager.MyListener - WebDriver starts find element ---> By.cssSelector: #city
21:34:09.796  INFO  manager.MyListener - WebDriver starts find element ---> By.cssSelector: .pac-item
21:34:15.426  INFO  manager.MyListener - WebDriver starts find element ---> By.id: dates
21:34:15.652  INFO  manager.MyListener - WebDriver starts find element ---> By.cssSelector: .cdk-overlay-container
21:34:15.712  INFO  manager.MyListener - WebDriver starts find element ---> By.cssSelector: [type='submit']
21:34:15.804  INFO  manager.MyListener - WebDriver starts find element ---> By.cssSelector: [type='submit']
21:34:15.836  INFO  manager.MyListener - WebDriver starts find element ---> By.cssSelector: .logo
