23:01:06.941  INFO  manager.ApplicationManager - Current URL ---> https://ilcarro-1578153671498.web.app/search
23:01:07.068  INFO  tests.TestBase - Start method with name ->>addNewCarSuccess
23:01:12.112  INFO  manager.MyListener - WebDriver starts find element ---> By.xpath: //a[text()=' Log in ']
23:01:12.278  INFO  manager.MyListener - WebDriver starts find element ---> By.id: email
23:01:12.659  INFO  manager.MyListener - WebDriver starts find element ---> By.id: password
23:01:12.964  INFO  manager.MyListener - WebDriver starts find element ---> By.cssSelector: button[type='submit']
23:01:13.139  INFO  manager.MyListener - WebDriver starts find element ---> By.cssSelector: button[type='submit']
23:01:14.125  INFO  manager.MyListener - WebDriver starts find element ---> By.xpath: //button[text()='Ok']
23:01:14.368  INFO  tests.TestBase - Car is -> Car(address=Haifa, Israel, make=BMW, model=M5, year=2021, engine=2.5, fuel=Petrol, gear=AT, wD=AWD, doors=5, seats=4, clasS=C, fuelConsunption=6.5, carRegNumber=22-3331482, price=65, distanceIncluded=800, features=type of features, about=Very nice car)
23:01:15.385  INFO  manager.MyListener - WebDriver starts find element ---> By.id: 1
23:01:15.540  INFO  manager.MyListener - WebDriver starts find element ---> By.id: pickUpPlace
23:01:15.802  INFO  manager.MyListener - WebDriver starts find element ---> By.cssSelector: div.pac-item
23:01:16.817  INFO  manager.MyListener - WebDriver starts find element ---> By.id: make
23:01:17.086  INFO  manager.MyListener - WebDriver starts find element ---> By.id: model
23:01:17.312  INFO  manager.MyListener - WebDriver starts find element ---> By.id: year
23:01:17.563  INFO  manager.MyListener - WebDriver starts find element ---> By.id: engine
23:01:17.783  INFO  manager.MyListener - WebDriver starts find element ---> By.id: fuel
23:01:17.853  INFO  manager.MyListener - new before find by -->By.xpath: .//option[@value = "Petrol"]
23:01:17.899  INFO  manager.MyListener - WebDriver start found element by locator -->By.xpath: .//option[@value = "Petrol"]
23:01:17.956  INFO  manager.MyListener - WebDriver starts find element ---> By.id: gear
23:01:18.020  INFO  manager.MyListener - new before find by -->By.xpath: .//option[@value = "AT"]
23:01:18.059  INFO  manager.MyListener - WebDriver start found element by locator -->By.xpath: .//option[@value = "AT"]
23:01:18.127  INFO  manager.MyListener - WebDriver starts find element ---> By.id: wheelsDrive
23:01:18.199  INFO  manager.MyListener - new before find by -->By.xpath: .//option[@value = "AWD"]
23:01:18.240  INFO  manager.MyListener - WebDriver start found element by locator -->By.xpath: .//option[@value = "AWD"]
23:01:18.306  INFO  manager.MyListener - WebDriver starts find element ---> By.id: doors
23:01:18.591  INFO  manager.MyListener - WebDriver starts find element ---> By.id: seats
23:01:18.843  INFO  manager.MyListener - WebDriver starts find element ---> By.id: class
23:01:19.077  INFO  manager.MyListener - WebDriver starts find element ---> By.id: fuelConsumption
23:01:19.380  INFO  manager.MyListener - WebDriver starts find element ---> By.id: serialNumber
23:01:19.671  INFO  manager.MyListener - WebDriver starts find element ---> By.id: price
23:01:19.920  INFO  manager.MyListener - WebDriver starts find element ---> By.id: distance
23:01:20.130  INFO  manager.MyListener - WebDriver starts find element ---> By.cssSelector: input[placeholder='Type feature']
23:01:20.355  INFO  manager.MyListener - WebDriver starts find element ---> By.id: about
23:01:20.578  INFO  manager.MyListener - WebDriver starts find element ---> By.id: photos
23:01:20.744  INFO  manager.MyListener - WebDriver starts find element ---> By.cssSelector: button[type='submit']
23:01:22.521  INFO  manager.MyListener - WebDriver starts find element ---> By.cssSelector: button[type='submit']
23:01:24.663  INFO  manager.MyListener - WebDriver starts find element ---> By.cssSelector: div.dialog-container
23:01:24.741  INFO  manager.MyListener - WebDriver starts find element ---> By.cssSelector: div.dialog-container h1
23:01:24.842  INFO  manager.MyListener - WebDriver starts find element ---> By.xpath: //button[text()='Search cars']
23:01:24.984  INFO  tests.TestBase - Start method with name ->>loginNegativeTestsWrongEmail
23:01:25.035  INFO  manager.MyListener - WebDriver starts find element ---> By.xpath: //a[text()=' Logout ']
23:01:25.255  INFO  manager.MyListener - WebDriver starts find element ---> By.xpath: //a[text()=' Log in ']
23:01:25.400  INFO  manager.MyListener - WebDriver starts find element ---> By.id: email
23:01:26.605  INFO  manager.MyListener - WebDriver starts find element ---> By.id: password
23:01:26.864  INFO  manager.MyListener - WebDriver starts find element ---> By.cssSelector: button[type='submit']
23:01:27.030  INFO  manager.MyListener - WebDriver starts find element ---> By.cssSelector: button[type='submit']
23:01:29.127  INFO  manager.MyListener - WebDriver starts find element ---> By.cssSelector: div.dialog-container
23:01:29.182  INFO  manager.MyListener - WebDriver starts find element ---> By.cssSelector: div.dialog-container h1
23:01:29.255  INFO  manager.MyListener - WebDriver starts find element ---> By.xpath: //button[text()='Ok']
23:01:29.339  INFO  tests.TestBase - Start method with name ->>loginSuccess
23:01:34.393  INFO  tests.TestBase - Test start with email: d020797@gmail.com & password: Ww12345$
23:01:34.393  INFO  manager.MyListener - WebDriver starts find element ---> By.xpath: //a[text()=' Log in ']
23:01:34.474  INFO  manager.MyListener - WebDriver starts find element ---> By.id: email
23:01:35.382  INFO  manager.MyListener - WebDriver starts find element ---> By.id: password
23:01:35.582  INFO  manager.MyListener - WebDriver starts find element ---> By.cssSelector: button[type='submit']
23:01:35.660  INFO  manager.MyListener - WebDriver starts find element ---> By.cssSelector: button[type='submit']
23:01:37.749  INFO  manager.MyListener - WebDriver starts find element ---> By.cssSelector: div.dialog-container
23:01:37.813  INFO  manager.MyListener - WebDriver starts find element ---> By.cssSelector: div.dialog-container h1
23:01:37.887  INFO  manager.MyListener - WebDriver starts find element ---> By.xpath: //button[text()='Ok']
23:01:37.980  INFO  tests.TestBase - Start method with name ->>loginSuccess
23:01:38.017  INFO  manager.MyListener - WebDriver starts find element ---> By.xpath: //a[text()=' Logout ']
23:01:38.153  INFO  tests.TestBase - Test start with email: sonya@gmail.com & password: Ss12345$
23:01:38.154  INFO  manager.MyListener - WebDriver starts find element ---> By.xpath: //a[text()=' Log in ']
23:01:38.248  INFO  manager.MyListener - WebDriver starts find element ---> By.id: email
23:01:39.258  INFO  manager.MyListener - WebDriver starts find element ---> By.id: password
23:01:39.456  INFO  manager.MyListener - WebDriver starts find element ---> By.cssSelector: button[type='submit']
23:01:39.528  INFO  manager.MyListener - WebDriver starts find element ---> By.cssSelector: button[type='submit']
23:01:41.635  INFO  manager.MyListener - WebDriver starts find element ---> By.cssSelector: div.dialog-container
23:01:41.697  INFO  manager.MyListener - WebDriver starts find element ---> By.cssSelector: div.dialog-container h1
23:01:41.788  INFO  manager.MyListener - WebDriver starts find element ---> By.xpath: //button[text()='Ok']
23:01:41.888  INFO  tests.TestBase - Start method with name ->>loginSuccess
23:01:41.921  INFO  manager.MyListener - WebDriver starts find element ---> By.xpath: //a[text()=' Logout ']
23:01:42.071  INFO  tests.TestBase - Test start with email: d020797@gmail.com & password: Ww12345$
23:01:42.072  INFO  manager.MyListener - WebDriver starts find element ---> By.xpath: //a[text()=' Log in ']
23:01:42.183  INFO  manager.MyListener - WebDriver starts find element ---> By.id: email
23:01:43.181  INFO  manager.MyListener - WebDriver starts find element ---> By.id: password
23:01:43.401  INFO  manager.MyListener - WebDriver starts find element ---> By.cssSelector: button[type='submit']
23:01:43.480  INFO  manager.MyListener - WebDriver starts find element ---> By.cssSelector: button[type='submit']
23:01:45.585  INFO  manager.MyListener - WebDriver starts find element ---> By.cssSelector: div.dialog-container
23:01:45.645  INFO  manager.MyListener - WebDriver starts find element ---> By.cssSelector: div.dialog-container h1
23:01:45.722  INFO  manager.MyListener - WebDriver starts find element ---> By.xpath: //button[text()='Ok']
23:01:45.793  INFO  tests.TestBase - Start method with name ->>loginSuccess
23:01:45.824  INFO  manager.MyListener - WebDriver starts find element ---> By.xpath: //a[text()=' Logout ']
23:01:45.967  INFO  tests.TestBase - Test start with email: d020797@gmail.com & password: Ww12345$
23:01:45.968  INFO  manager.MyListener - WebDriver starts find element ---> By.xpath: //a[text()=' Log in ']
23:01:46.075  INFO  manager.MyListener - WebDriver starts find element ---> By.id: email
23:01:47.045  INFO  manager.MyListener - WebDriver starts find element ---> By.id: password
23:01:47.263  INFO  manager.MyListener - WebDriver starts find element ---> By.cssSelector: button[type='submit']
23:01:47.334  INFO  manager.MyListener - WebDriver starts find element ---> By.cssSelector: button[type='submit']
23:01:49.449  INFO  manager.MyListener - WebDriver starts find element ---> By.cssSelector: div.dialog-container
23:01:49.505  INFO  manager.MyListener - WebDriver starts find element ---> By.cssSelector: div.dialog-container h1
23:01:49.577  INFO  manager.MyListener - WebDriver starts find element ---> By.xpath: //button[text()='Ok']
23:01:49.669  INFO  tests.TestBase - Start method with name ->>loginSuccess2
23:01:49.700  INFO  manager.MyListener - WebDriver starts find element ---> By.xpath: //a[text()=' Logout ']
23:01:49.886  INFO  manager.MyListener - WebDriver starts find element ---> By.xpath: //a[text()=' Log in ']
23:01:50.034  INFO  manager.MyListener - WebDriver starts find element ---> By.id: email
23:01:51.120  INFO  manager.MyListener - WebDriver starts find element ---> By.id: password
23:01:51.329  INFO  manager.MyListener - WebDriver starts find element ---> By.cssSelector: button[type='submit']
23:01:51.406  INFO  manager.MyListener - WebDriver starts find element ---> By.cssSelector: button[type='submit']
23:01:53.531  INFO  manager.MyListener - WebDriver starts find element ---> By.cssSelector: div.dialog-container
23:01:53.589  INFO  manager.MyListener - WebDriver starts find element ---> By.cssSelector: div.dialog-container h1
23:01:53.650  INFO  manager.MyListener - WebDriver starts find element ---> By.xpath: //button[text()='Ok']
23:01:53.706  INFO  tests.TestBase - Start method with name ->>loginSuccessDP
23:01:53.731  INFO  manager.MyListener - WebDriver starts find element ---> By.xpath: //a[text()=' Logout ']
23:01:53.890  INFO  manager.MyListener - WebDriver starts find element ---> By.xpath: //a[text()=' Log in ']
23:01:53.987  INFO  manager.MyListener - WebDriver starts find element ---> By.id: email
23:01:54.206  INFO  manager.MyListener - WebDriver starts find element ---> By.id: password
23:01:54.434  INFO  manager.MyListener - WebDriver starts find element ---> By.cssSelector: button[type='submit']
23:01:54.532  INFO  manager.MyListener - WebDriver starts find element ---> By.cssSelector: button[type='submit']
23:01:56.647  INFO  manager.MyListener - WebDriver starts find element ---> By.cssSelector: div.dialog-container
23:01:56.705  INFO  manager.MyListener - WebDriver starts find element ---> By.cssSelector: div.dialog-container h1
23:01:56.784  INFO  manager.MyListener - WebDriver starts find element ---> By.xpath: //button[text()='Ok']
23:01:56.879  INFO  tests.TestBase - Start method with name ->>loginSuccessDP
23:01:56.910  INFO  manager.MyListener - WebDriver starts find element ---> By.xpath: //a[text()=' Logout ']
23:01:57.047  INFO  manager.MyListener - WebDriver starts find element ---> By.xpath: //a[text()=' Log in ']
23:01:57.138  INFO  manager.MyListener - WebDriver starts find element ---> By.id: email
23:01:57.366  INFO  manager.MyListener - WebDriver starts find element ---> By.id: password
23:01:57.552  INFO  manager.MyListener - WebDriver starts find element ---> By.cssSelector: button[type='submit']
23:01:57.621  INFO  manager.MyListener - WebDriver starts find element ---> By.cssSelector: button[type='submit']
23:01:59.727  INFO  manager.MyListener - WebDriver starts find element ---> By.cssSelector: div.dialog-container
23:01:59.791  INFO  manager.MyListener - WebDriver starts find element ---> By.cssSelector: div.dialog-container h1
23:01:59.879  INFO  manager.MyListener - WebDriver starts find element ---> By.xpath: //button[text()='Ok']
23:01:59.962  INFO  tests.TestBase - Start method with name ->>loginSuccessDP
23:01:59.989  INFO  manager.MyListener - WebDriver starts find element ---> By.xpath: //a[text()=' Logout ']
23:02:00.190  INFO  manager.MyListener - WebDriver starts find element ---> By.xpath: //a[text()=' Log in ']
23:02:00.342  INFO  manager.MyListener - WebDriver starts find element ---> By.id: email
23:02:00.656  INFO  manager.MyListener - WebDriver starts find element ---> By.id: password
23:02:00.894  INFO  manager.MyListener - WebDriver starts find element ---> By.cssSelector: button[type='submit']
23:02:00.967  INFO  manager.MyListener - WebDriver starts find element ---> By.cssSelector: button[type='submit']
23:02:03.085  INFO  manager.MyListener - WebDriver starts find element ---> By.cssSelector: div.dialog-container
23:02:03.139  INFO  manager.MyListener - WebDriver starts find element ---> By.cssSelector: div.dialog-container h1
23:02:03.207  INFO  manager.MyListener - WebDriver starts find element ---> By.xpath: //button[text()='Ok']
23:02:03.305  INFO  tests.TestBase - Start method with name ->>registrationSuccess2
23:02:03.333  INFO  manager.MyListener - WebDriver starts find element ---> By.xpath: //a[text()=' Logout ']
23:02:03.479  INFO  manager.MyListener - WebDriver starts find element ---> By.xpath: //a[text()=' Sign up ']
23:02:03.612  INFO  manager.MyListener - WebDriver starts find element ---> By.id: password
23:02:03.642  INFO  manager.MyListener - WebDriver starts find element ---> By.id: name
23:02:03.890  INFO  manager.MyListener - WebDriver starts find element ---> By.id: lastName
23:02:04.086  INFO  manager.MyListener - WebDriver starts find element ---> By.id: email
23:02:04.326  INFO  manager.MyListener - WebDriver starts find element ---> By.id: password
23:02:04.566  INFO  manager.MyListener - WebDriver starts find element ---> By.cssSelector: button[type='submit']
23:02:04.627  INFO  manager.MyListener - WebDriver starts find element ---> By.cssSelector: button[type='submit']
23:02:06.728  INFO  manager.MyListener - WebDriver starts find element ---> By.cssSelector: div.dialog-container
23:02:06.788  INFO  manager.MyListener - WebDriver starts find element ---> By.cssSelector: div.dialog-container h1
23:02:06.887  INFO  manager.MyListener - WebDriver starts find element ---> By.xpath: //button[text()='Ok']
23:02:07.014  INFO  tests.TestBase - Start method with name ->>registrationWrongPasswordFormatSize
23:02:07.050  INFO  manager.MyListener - WebDriver starts find element ---> By.xpath: //a[text()=' Logout ']
23:02:07.236  INFO  manager.MyListener - WebDriver starts find element ---> By.xpath: //a[text()=' Sign up ']
23:02:07.377  INFO  manager.MyListener - WebDriver starts find element ---> By.id: password
23:02:07.412  INFO  manager.MyListener - WebDriver starts find element ---> By.id: name
23:02:07.651  INFO  manager.MyListener - WebDriver starts find element ---> By.id: lastName
23:02:07.898  INFO  manager.MyListener - WebDriver starts find element ---> By.id: email
23:02:08.226  INFO  manager.MyListener - WebDriver starts find element ---> By.id: password
23:02:08.997  INFO  manager.MyListener - WebDriver starts find element ---> By.cssSelector: div.error div:last-child
23:02:09.055  INFO  manager.MyListener - WebDriver starts find element ---> By.cssSelector: div.error div:last-child
23:02:09.100  INFO  manager.MyListener - WebDriver starts find element ---> By.cssSelector: div.error div:first-child
23:02:09.152  INFO  manager.MyListener - WebDriver starts find element ---> By.cssSelector: div.error div:first-child
23:02:09.229  INFO  manager.MyListener - WebDriver starts find element ---> By.cssSelector: [type='submit']
23:02:14.316  INFO  tests.TestBase - Start method with name ->>searchAnyPeriod
23:02:14.317  INFO  manager.MyListener - WebDriver starts find element ---> By.cssSelector: .logo
23:02:16.946  INFO  manager.MyListener - WebDriver starts find element ---> By.id: city
23:02:17.017  INFO  manager.MyListener - WebDriver starts find element ---> By.id: city
23:02:17.743  INFO  manager.MyListener - WebDriver starts find element ---> By.cssSelector: .pac-item
23:02:17.850  INFO  manager.MyListener - WebDriver starts find element ---> By.id: dates
23:02:18.068  INFO  manager.MyListener - WebDriver starts find element ---> By.cssSelector: #dates
23:02:18.206  INFO  manager.MyListener - WebDriver starts find element ---> By.xpath: //button[@aria-label='Next month']
23:02:18.323  INFO  manager.MyListener - WebDriver starts find element ---> By.xpath: //button[@aria-label='Next month']
23:02:18.403  INFO  manager.MyListener - WebDriver starts find element ---> By.xpath: //button[@aria-label='Next month']
23:02:18.486  INFO  manager.MyListener - WebDriver starts find element ---> By.xpath: //button[@aria-label='Next month']
23:02:18.582  INFO  manager.MyListener - WebDriver starts find element ---> By.xpath: //button[@aria-label='Next month']
23:02:18.682  INFO  manager.MyListener - WebDriver starts find element ---> By.xpath: //button[@aria-label='Next month']
23:02:18.780  INFO  manager.MyListener - WebDriver starts find element ---> By.xpath: //button[@aria-label='Next month']
23:02:18.897  INFO  manager.MyListener - WebDriver starts find element ---> By.xpath: //button[@aria-label='Next month']
23:02:19.016  INFO  manager.MyListener - WebDriver starts find element ---> By.xpath: //button[@aria-label='Next month']
23:02:19.136  INFO  manager.MyListener - WebDriver starts find element ---> By.xpath: //button[@aria-label='Next month']
23:02:19.247  INFO  manager.MyListener - WebDriver starts find element ---> By.xpath: //button[@aria-label='Next month']
23:02:19.366  INFO  manager.MyListener - WebDriver starts find element ---> By.xpath: //div[text()=' 30 ']
23:02:19.536  INFO  manager.MyListener - WebDriver starts find element ---> By.xpath: //button[@aria-label='Next month']
23:02:19.654  INFO  manager.MyListener - WebDriver starts find element ---> By.xpath: //div[text()=' 12 ']
23:02:19.823  INFO  manager.MyListener - WebDriver starts find element ---> By.cssSelector: button[type='submit']
23:02:19.930  INFO  manager.MyListener - WebDriver starts find element ---> By.cssSelector: button[type='submit']
23:02:21.186  INFO  tests.TestBase - Start method with name ->>searchCurrentMounts
23:02:21.188  INFO  manager.MyListener - WebDriver starts find element ---> By.cssSelector: .logo
23:02:21.649  INFO  manager.MyListener - WebDriver starts find element ---> By.id: city
23:02:21.708  INFO  manager.MyListener - WebDriver starts find element ---> By.id: city
23:02:22.582  INFO  manager.MyListener - WebDriver starts find element ---> By.cssSelector: .pac-item
23:02:22.684  INFO  manager.MyListener - WebDriver starts find element ---> By.cssSelector: #dates
23:02:22.809  INFO  manager.MyListener - WebDriver starts find element ---> By.cssSelector: #dates
23:02:22.911  INFO  manager.MyListener - WebDriver starts find element ---> By.xpath: //div[text()=' 28 ']
23:02:23.020  INFO  manager.MyListener - WebDriver starts find element ---> By.xpath: //div[text() = ' 27 ']
23:02:23.126  INFO  manager.MyListener - WebDriver starts find element ---> By.cssSelector: button[type='submit']
23:02:23.186  INFO  manager.MyListener - WebDriver starts find element ---> By.cssSelector: button[type='submit']
23:02:24.711  INFO  tests.TestBase - Start method with name ->>searchCurrentYear
23:02:24.713  INFO  manager.MyListener - WebDriver starts find element ---> By.cssSelector: .logo
23:02:25.099  INFO  manager.MyListener - WebDriver starts find element ---> By.cssSelector: #dates
23:02:25.280  INFO  manager.MyListener - WebDriver starts find element ---> By.id: city
23:02:25.328  INFO  manager.MyListener - WebDriver starts find element ---> By.id: city
23:02:26.182  INFO  manager.MyListener - WebDriver starts find element ---> By.cssSelector: .pac-item
23:02:28.291  INFO  manager.MyListener - WebDriver starts find element ---> By.cssSelector: #dates
23:02:28.415  INFO  manager.MyListener - WebDriver starts find element ---> By.cssSelector: #dates
23:02:28.544  INFO  manager.MyListener - WebDriver starts find element ---> By.xpath: //button[@aria-label='Next month']
23:02:28.645  INFO  manager.MyListener - WebDriver starts find element ---> By.xpath: //div[text()=' 30 ']
23:02:28.745  INFO  manager.MyListener - WebDriver starts find element ---> By.xpath: //button[@aria-label='Next month']
23:02:28.852  INFO  manager.MyListener - WebDriver starts find element ---> By.xpath: //div[text()=' 2 ']
23:02:28.979  INFO  manager.MyListener - WebDriver starts find element ---> By.cssSelector: button[type='submit']
23:02:29.041  INFO  manager.MyListener - WebDriver starts find element ---> By.cssSelector: button[type='submit']
23:02:30.908  INFO  tests.TestBase - Start method with name ->>searchCurrentYearLocalDate
23:02:30.910  INFO  manager.MyListener - WebDriver starts find element ---> By.cssSelector: .logo
23:02:31.234  INFO  manager.MyListener - WebDriver starts find element ---> By.id: city
23:02:31.305  INFO  manager.MyListener - WebDriver starts find element ---> By.id: city
23:02:32.083  INFO  manager.MyListener - WebDriver starts find element ---> By.cssSelector: .pac-item
23:02:32.184  INFO  manager.MyListener - WebDriver starts find element ---> By.cssSelector: #dates
23:02:32.340  INFO  manager.MyListener - WebDriver starts find element ---> By.cssSelector: #dates
23:02:32.483  INFO  manager.MyListener - WebDriver starts find element ---> By.xpath: //button[@aria-label='Next month']
23:02:32.596  INFO  manager.MyListener - WebDriver starts find element ---> By.xpath: //div[text()=' 10 ']
23:02:32.706  INFO  manager.MyListener - WebDriver starts find element ---> By.xpath: //button[@aria-label='Next month']
23:02:32.806  INFO  manager.MyListener - WebDriver starts find element ---> By.xpath: //button[@aria-label='Next month']
23:02:32.887  INFO  manager.MyListener - WebDriver starts find element ---> By.xpath: //div[text()=' 20 ']
23:02:32.986  INFO  manager.MyListener - WebDriver starts find element ---> By.cssSelector: button[type='submit']
23:02:33.053  INFO  manager.MyListener - WebDriver starts find element ---> By.cssSelector: button[type='submit']
23:02:34.540  INFO  tests.TestBase - Start method with name ->>searchPeriodPastNegative
23:02:34.541  INFO  manager.MyListener - WebDriver starts find element ---> By.cssSelector: .logo
23:02:34.854  INFO  manager.MyListener - WebDriver starts find element ---> By.cssSelector: #dates
23:02:34.994  INFO  manager.MyListener - WebDriver starts find element ---> By.id: city
23:02:35.041  INFO  manager.MyListener - WebDriver starts find element ---> By.id: city
23:02:35.806  INFO  manager.MyListener - WebDriver starts find element ---> By.cssSelector: .pac-item
23:02:37.910  INFO  manager.MyListener - WebDriver starts find element ---> By.cssSelector: #dates
23:02:38.192  INFO  manager.MyListener - WebDriver starts find element ---> By.cssSelector: .cdk-overlay-container
23:02:38.301  INFO  manager.MyListener - WebDriver starts find element ---> By.cssSelector: [type='submit']
23:02:38.418  INFO  manager.MyListener - WebDriver starts find element ---> By.cssSelector: [type='submit']
