23:14:13.525  INFO  manager.ApplicationManager - Current URL ---> https://ilcarro-1578153671498.web.app/search
23:14:13.564  INFO  tests.TestBase - Start method with name ->>addNewCarSuccessDP
23:14:18.617  INFO  manager.MyListener - WebDriver starts find element ---> By.xpath: //a[text()=' Log in ']
23:14:18.751  INFO  manager.MyListener - WebDriver starts find element ---> By.id: email
23:14:18.928  INFO  manager.MyListener - WebDriver starts find element ---> By.id: password
23:14:19.060  INFO  manager.MyListener - WebDriver starts find element ---> By.cssSelector: button[type='submit']
23:14:19.140  INFO  manager.MyListener - WebDriver starts find element ---> By.cssSelector: button[type='submit']
23:14:19.948  INFO  manager.MyListener - WebDriver starts find element ---> By.xpath: //button[text()='Ok']
23:14:20.065  INFO  tests.TestBase - Car is -> Car(address=Tel Aviv, make=BMW, model=M5, year=2007, engine=2.5, fuel=Petrol, gear=MT, wD=AWD, doors=5, seats=4, clasS=C, fuelConsunption=6.5, carRegNumber=400-178-456, price=65, distanceIncluded=504, features=Type of features, about=Very good car)
23:14:21.068  INFO  manager.MyListener - WebDriver starts find element ---> By.id: 1
23:14:21.201  INFO  manager.MyListener - WebDriver starts find element ---> By.id: pickUpPlace
23:14:21.354  INFO  manager.MyListener - WebDriver starts find element ---> By.cssSelector: div.pac-item
23:14:22.366  INFO  manager.MyListener - WebDriver starts find element ---> By.id: make
23:14:22.537  INFO  manager.MyListener - WebDriver starts find element ---> By.id: model
23:14:22.653  INFO  manager.MyListener - WebDriver starts find element ---> By.id: year
23:14:22.797  INFO  manager.MyListener - WebDriver starts find element ---> By.id: engine
23:14:22.933  INFO  manager.MyListener - WebDriver starts find element ---> By.id: fuel
23:14:22.980  INFO  manager.MyListener - new before find by -->By.xpath: .//option[@value = "Petrol"]
23:14:23.009  INFO  manager.MyListener - WebDriver start found element by locator -->By.xpath: .//option[@value = "Petrol"]
23:14:23.044  INFO  manager.MyListener - WebDriver starts find element ---> By.id: gear
23:14:23.086  INFO  manager.MyListener - new before find by -->By.xpath: .//option[@value = "MT"]
23:14:23.112  INFO  manager.MyListener - WebDriver start found element by locator -->By.xpath: .//option[@value = "MT"]
23:14:23.149  INFO  manager.MyListener - WebDriver starts find element ---> By.id: wheelsDrive
23:14:23.191  INFO  manager.MyListener - new before find by -->By.xpath: .//option[@value = "AWD"]
23:14:23.217  INFO  manager.MyListener - WebDriver start found element by locator -->By.xpath: .//option[@value = "AWD"]
23:14:23.253  INFO  manager.MyListener - WebDriver starts find element ---> By.id: doors
23:14:23.412  INFO  manager.MyListener - WebDriver starts find element ---> By.id: seats
23:14:23.547  INFO  manager.MyListener - WebDriver starts find element ---> By.id: class
23:14:23.673  INFO  manager.MyListener - WebDriver starts find element ---> By.id: fuelConsumption
23:14:23.802  INFO  manager.MyListener - WebDriver starts find element ---> By.id: serialNumber
23:14:23.949  INFO  manager.MyListener - WebDriver starts find element ---> By.id: price
23:14:24.084  INFO  manager.MyListener - WebDriver starts find element ---> By.id: distance
23:14:24.216  INFO  manager.MyListener - WebDriver starts find element ---> By.cssSelector: input[placeholder='Type feature']
23:14:24.343  INFO  manager.MyListener - WebDriver starts find element ---> By.id: about
23:14:24.454  INFO  manager.MyListener - WebDriver starts find element ---> By.id: photos
23:14:24.525  INFO  manager.MyListener - WebDriver starts find element ---> By.cssSelector: button[type='submit']
23:14:26.211  INFO  manager.MyListener - WebDriver starts find element ---> By.cssSelector: button[type='submit']
23:14:28.276  INFO  manager.MyListener - WebDriver starts find element ---> By.cssSelector: div.dialog-container
23:14:28.317  INFO  manager.MyListener - WebDriver starts find element ---> By.cssSelector: div.dialog-container h1
23:14:28.363  INFO  manager.MyListener - WebDriver starts find element ---> By.xpath: //button[text()='Search cars']
23:14:28.415  INFO  tests.TestBase - Start method with name ->>addNewCarSuccessDP
23:14:28.441  INFO  tests.TestBase - Car is -> Car(address=Haifa, make=Mersedez, model=X5, year=2005, engine=2.5, fuel=Petrol, gear=MT, wD=AWD, doors=5, seats=4, clasS=C, fuelConsunption=6.5, carRegNumber=190-170-987, price=65, distanceIncluded=800, features=Type of features, about=Very good car)
23:14:29.452  INFO  manager.MyListener - WebDriver starts find element ---> By.id: 1
23:14:29.544  INFO  manager.MyListener - WebDriver starts find element ---> By.id: pickUpPlace
23:14:29.680  INFO  manager.MyListener - WebDriver starts find element ---> By.cssSelector: div.pac-item
23:14:30.734  INFO  manager.MyListener - WebDriver starts find element ---> By.id: make
23:14:30.869  INFO  manager.MyListener - WebDriver starts find element ---> By.id: model
23:14:30.991  INFO  manager.MyListener - WebDriver starts find element ---> By.id: year
23:14:31.153  INFO  manager.MyListener - WebDriver starts find element ---> By.id: engine
23:14:31.295  INFO  manager.MyListener - WebDriver starts find element ---> By.id: fuel
23:14:31.344  INFO  manager.MyListener - new before find by -->By.xpath: .//option[@value = "Petrol"]
23:14:31.377  INFO  manager.MyListener - WebDriver start found element by locator -->By.xpath: .//option[@value = "Petrol"]
23:14:31.424  INFO  manager.MyListener - WebDriver starts find element ---> By.id: gear
23:14:31.461  INFO  manager.MyListener - new before find by -->By.xpath: .//option[@value = "MT"]
23:14:31.483  INFO  manager.MyListener - WebDriver start found element by locator -->By.xpath: .//option[@value = "MT"]
23:14:31.517  INFO  manager.MyListener - WebDriver starts find element ---> By.id: wheelsDrive
23:14:31.551  INFO  manager.MyListener - new before find by -->By.xpath: .//option[@value = "AWD"]
23:14:31.574  INFO  manager.MyListener - WebDriver start found element by locator -->By.xpath: .//option[@value = "AWD"]
23:14:31.618  INFO  manager.MyListener - WebDriver starts find element ---> By.id: doors
23:14:31.759  INFO  manager.MyListener - WebDriver starts find element ---> By.id: seats
23:14:31.906  INFO  manager.MyListener - WebDriver starts find element ---> By.id: class
23:14:32.049  INFO  manager.MyListener - WebDriver starts find element ---> By.id: fuelConsumption
23:14:32.211  INFO  manager.MyListener - WebDriver starts find element ---> By.id: serialNumber
23:14:32.369  INFO  manager.MyListener - WebDriver starts find element ---> By.id: price
23:14:32.505  INFO  manager.MyListener - WebDriver starts find element ---> By.id: distance
23:14:32.648  INFO  manager.MyListener - WebDriver starts find element ---> By.cssSelector: input[placeholder='Type feature']
23:14:32.785  INFO  manager.MyListener - WebDriver starts find element ---> By.id: about
23:14:32.912  INFO  manager.MyListener - WebDriver starts find element ---> By.id: photos
23:14:32.977  INFO  manager.MyListener - WebDriver starts find element ---> By.cssSelector: button[type='submit']
23:14:34.112  INFO  manager.MyListener - WebDriver starts find element ---> By.cssSelector: button[type='submit']
23:14:36.184  INFO  manager.MyListener - WebDriver starts find element ---> By.cssSelector: div.dialog-container
23:14:36.210  INFO  manager.MyListener - WebDriver starts find element ---> By.cssSelector: div.dialog-container h1
23:14:36.258  INFO  manager.MyListener - WebDriver starts find element ---> By.xpath: //button[text()='Search cars']
23:14:36.333  INFO  tests.TestBase - Start method with name ->>addNewCarSuccessDP
23:14:36.363  INFO  tests.TestBase - Car is -> Car(address=Jerusalem, make=Toyota, model=Akura, year=2020, engine=2.5, fuel=Petrol, gear=MT, wD=AWD, doors=5, seats=4, clasS=C, fuelConsunption=6.5, carRegNumber=104-107-101, price=65, distanceIncluded=700, features=Type of features, about=Very good car)
23:14:37.375  INFO  manager.MyListener - WebDriver starts find element ---> By.id: 1
23:14:37.482  INFO  manager.MyListener - WebDriver starts find element ---> By.id: pickUpPlace
23:14:37.606  INFO  manager.MyListener - WebDriver starts find element ---> By.cssSelector: div.pac-item
23:14:39.825  INFO  manager.MyListener - WebDriver starts find element ---> By.id: make
23:14:39.986  INFO  manager.MyListener - WebDriver starts find element ---> By.id: model
23:14:40.110  INFO  manager.MyListener - WebDriver starts find element ---> By.id: year
23:14:40.235  INFO  manager.MyListener - WebDriver starts find element ---> By.id: engine
23:14:40.363  INFO  manager.MyListener - WebDriver starts find element ---> By.id: fuel
23:14:40.401  INFO  manager.MyListener - new before find by -->By.xpath: .//option[@value = "Petrol"]
23:14:40.419  INFO  manager.MyListener - WebDriver start found element by locator -->By.xpath: .//option[@value = "Petrol"]
23:14:40.453  INFO  manager.MyListener - WebDriver starts find element ---> By.id: gear
23:14:40.483  INFO  manager.MyListener - new before find by -->By.xpath: .//option[@value = "MT"]
23:14:40.522  INFO  manager.MyListener - WebDriver start found element by locator -->By.xpath: .//option[@value = "MT"]
23:14:40.562  INFO  manager.MyListener - WebDriver starts find element ---> By.id: wheelsDrive
23:14:40.602  INFO  manager.MyListener - new before find by -->By.xpath: .//option[@value = "AWD"]
23:14:40.630  INFO  manager.MyListener - WebDriver start found element by locator -->By.xpath: .//option[@value = "AWD"]
23:14:40.675  INFO  manager.MyListener - WebDriver starts find element ---> By.id: doors
23:14:40.809  INFO  manager.MyListener - WebDriver starts find element ---> By.id: seats
23:14:40.928  INFO  manager.MyListener - WebDriver starts find element ---> By.id: class
23:14:41.057  INFO  manager.MyListener - WebDriver starts find element ---> By.id: fuelConsumption
23:14:41.185  INFO  manager.MyListener - WebDriver starts find element ---> By.id: serialNumber
23:14:41.317  INFO  manager.MyListener - WebDriver starts find element ---> By.id: price
23:14:41.446  INFO  manager.MyListener - WebDriver starts find element ---> By.id: distance
23:14:41.580  INFO  manager.MyListener - WebDriver starts find element ---> By.cssSelector: input[placeholder='Type feature']
23:14:41.700  INFO  manager.MyListener - WebDriver starts find element ---> By.id: about
23:14:41.813  INFO  manager.MyListener - WebDriver starts find element ---> By.id: photos
23:14:41.867  INFO  manager.MyListener - WebDriver starts find element ---> By.cssSelector: button[type='submit']
23:14:42.970  INFO  manager.MyListener - WebDriver starts find element ---> By.cssSelector: button[type='submit']
23:14:45.055  INFO  manager.MyListener - WebDriver starts find element ---> By.cssSelector: div.dialog-container
23:14:45.102  INFO  manager.MyListener - WebDriver starts find element ---> By.cssSelector: div.dialog-container h1
23:14:45.157  INFO  manager.MyListener - WebDriver starts find element ---> By.xpath: //button[text()='Search cars']
