23:10:23.319  INFO  manager.ApplicationManager - Current URL ---> https://ilcarro-1578153671498.web.app/search
23:10:23.406  INFO  tests.TestBase - Start method with name ->>addNewCarSuccessDP
23:10:28.456  INFO  manager.MyListener - WebDriver starts find element ---> By.xpath: //a[text()=' Log in ']
23:10:28.586  INFO  manager.MyListener - WebDriver starts find element ---> By.id: email
23:10:28.746  INFO  manager.MyListener - WebDriver starts find element ---> By.id: password
23:10:28.886  INFO  manager.MyListener - WebDriver starts find element ---> By.cssSelector: button[type='submit']
23:10:28.971  INFO  manager.MyListener - WebDriver starts find element ---> By.cssSelector: button[type='submit']
23:10:30.115  INFO  manager.MyListener - WebDriver starts find element ---> By.xpath: //button[text()='Ok']
23:10:30.223  INFO  tests.TestBase - Car is -> Car(address=Tel Aviv, make=BMW, model=M5, year=2020, engine=2.5, fuel=Petrol, gear=MT, wD=AWD, doors=5, seats=4, clasS=C, fuelConsunption=6.5, carRegNumber=100-100-100, price=65, distanceIncluded=500, features=Type of features, about=Very good car)
23:10:31.225  INFO  manager.MyListener - WebDriver starts find element ---> By.id: 1
23:10:31.353  INFO  manager.MyListener - WebDriver starts find element ---> By.id: pickUpPlace
23:10:31.536  INFO  manager.MyListener - WebDriver starts find element ---> By.cssSelector: div.pac-item
23:10:32.637  INFO  manager.MyListener - WebDriver starts find element ---> By.id: make
23:10:32.815  INFO  manager.MyListener - WebDriver starts find element ---> By.id: model
23:10:32.946  INFO  manager.MyListener - WebDriver starts find element ---> By.id: year
23:10:33.090  INFO  manager.MyListener - WebDriver starts find element ---> By.id: engine
23:10:33.217  INFO  manager.MyListener - WebDriver starts find element ---> By.id: fuel
23:10:33.256  INFO  manager.MyListener - new before find by -->By.xpath: .//option[@value = "Petrol"]
23:10:33.283  INFO  manager.MyListener - WebDriver start found element by locator -->By.xpath: .//option[@value = "Petrol"]
23:10:33.322  INFO  manager.MyListener - WebDriver starts find element ---> By.id: gear
23:10:33.364  INFO  manager.MyListener - new before find by -->By.xpath: .//option[@value = "MT"]
23:10:33.396  INFO  manager.MyListener - WebDriver start found element by locator -->By.xpath: .//option[@value = "MT"]
23:10:33.435  INFO  manager.MyListener - WebDriver starts find element ---> By.id: wheelsDrive
23:10:33.482  INFO  manager.MyListener - new before find by -->By.xpath: .//option[@value = "AWD"]
23:10:33.513  INFO  manager.MyListener - WebDriver start found element by locator -->By.xpath: .//option[@value = "AWD"]
23:10:33.565  INFO  manager.MyListener - WebDriver starts find element ---> By.id: doors
23:10:33.738  INFO  manager.MyListener - WebDriver starts find element ---> By.id: seats
23:10:33.877  INFO  manager.MyListener - WebDriver starts find element ---> By.id: class
23:10:33.999  INFO  manager.MyListener - WebDriver starts find element ---> By.id: fuelConsumption
23:10:34.140  INFO  manager.MyListener - WebDriver starts find element ---> By.id: serialNumber
23:10:34.271  INFO  manager.MyListener - WebDriver starts find element ---> By.id: price
23:10:34.407  INFO  manager.MyListener - WebDriver starts find element ---> By.id: distance
23:10:34.539  INFO  manager.MyListener - WebDriver starts find element ---> By.cssSelector: input[placeholder='Type feature']
23:10:34.667  INFO  manager.MyListener - WebDriver starts find element ---> By.id: about
23:10:34.780  INFO  manager.MyListener - WebDriver starts find element ---> By.id: photos
23:10:34.854  INFO  manager.MyListener - WebDriver starts find element ---> By.cssSelector: button[type='submit']
23:10:36.552  INFO  manager.MyListener - WebDriver starts find element ---> By.cssSelector: button[type='submit']
23:10:38.619  INFO  manager.MyListener - WebDriver starts find element ---> By.cssSelector: div.dialog-container
23:10:38.680  INFO  manager.MyListener - WebDriver starts find element ---> By.cssSelector: div.dialog-container h1
23:10:38.735  INFO  manager.MyListener - WebDriver starts find element ---> By.xpath: //button[text()='Search cars']
23:10:43.801  INFO  manager.MyListener - The name of method with error ->>>findElement
23:10:43.806  INFO  manager.MyListener - We have a problemorg.openqa.selenium.NoSuchElementException: no such element: Unable to locate element: {"method":"xpath","selector":"//button[text()='Search cars']"}
  (Session info: chrome=103.0.5060.134)
For documentation on this error, please visit: https://selenium.dev/exceptions/#no_such_element
Build info: version: '4.2.2', revision: '683ccb65d6'
System info: host: 'LAPTOP-GAODKJDU', ip: '192.168.1.14', os.name: 'Windows 11', os.arch: 'amd64', os.version: '10.0', java.version: '11.0.15.1'
Driver info: org.openqa.selenium.chrome.ChromeDriver
Command: [a514f76e39cf1f4b25b23ba272264274, findElement {using=xpath, value=//button[text()='Search cars']}]
Capabilities {acceptInsecureCerts: false, browserName: chrome, browserVersion: 103.0.5060.134, chrome: {chromedriverVersion: 103.0.5060.134 (8ec6fce403b..., userDataDir: C:\Users\Dmitrii\AppData\Lo...}, goog:chromeOptions: {debuggerAddress: localhost:65380}, networkConnectionEnabled: false, pageLoadStrategy: normal, platformName: WINDOWS, proxy: Proxy(), se:cdp: ws://localhost:65380/devtoo..., se:cdpVersion: 103.0.5060.134, setWindowRect: true, strictFileInteractability: false, timeouts: {implicit: 0, pageLoad: 300000, script: 30000}, unhandledPromptBehavior: dismiss and notify, webauthn:extension:credBlob: true, webauthn:extension:largeBlob: true, webauthn:virtualAuthenticators: true}
Session ID: a514f76e39cf1f4b25b23ba272264274
