20:21:20.854  INFO  manager.ApplicationManager - Current URL ---> https://ilcarro-1578153671498.web.app/search
20:21:20.911  INFO  tests.TestBase - Start method with name ->>registrationSuccess2
20:21:25.954  INFO  manager.MyListener - WebDriver starts find element ---> By.xpath: //a[text()=' Sign up ']
20:21:26.256  INFO  manager.MyListener - WebDriver starts find element ---> By.id: password
20:21:26.284  INFO  manager.MyListener - WebDriver starts find element ---> By.id: name
20:21:26.555  INFO  manager.MyListener - WebDriver starts find element ---> By.id: lastName
20:21:26.829  INFO  manager.MyListener - WebDriver starts find element ---> By.id: email
20:21:27.115  INFO  manager.MyListener - WebDriver starts find element ---> By.id: password
20:21:27.420  INFO  manager.MyListener - WebDriver starts find element ---> By.cssSelector: button[type='submit']
20:21:27.479  INFO  manager.MyListener - WebDriver starts find element ---> By.cssSelector: button[type='submit']
20:21:29.749  INFO  manager.MyListener - WebDriver starts find element ---> By.cssSelector: div.dialog-container
20:21:29.788  INFO  manager.MyListener - WebDriver starts find element ---> By.cssSelector: div.dialog-container h1
20:21:29.833  INFO  manager.MyListener - WebDriver starts find element ---> By.xpath: //button[text()='Ok']
20:21:30.068  INFO  tests.TestBase - Start method with name ->>registrationWrongPasswordFormatSize
20:21:30.102  INFO  manager.MyListener - WebDriver starts find element ---> By.xpath: //a[text()=' Logout ']
20:21:30.400  INFO  manager.MyListener - WebDriver starts find element ---> By.xpath: //a[text()=' Sign up ']
20:21:30.661  INFO  manager.MyListener - WebDriver starts find element ---> By.id: password
20:21:30.683  INFO  manager.MyListener - WebDriver starts find element ---> By.id: name
20:21:30.935  INFO  manager.MyListener - WebDriver starts find element ---> By.id: lastName
20:21:31.195  INFO  manager.MyListener - WebDriver starts find element ---> By.id: email
20:21:31.455  INFO  manager.MyListener - WebDriver starts find element ---> By.id: password
20:21:32.239  INFO  manager.MyListener - WebDriver starts find element ---> By.cssSelector: div.error div:last-child
20:21:32.265  INFO  manager.MyListener - WebDriver starts find element ---> By.cssSelector: div.error div:last-child
20:21:32.286  INFO  manager.MyListener - WebDriver starts find element ---> By.cssSelector: div.error div:first-child
20:21:32.305  INFO  manager.MyListener - WebDriver starts find element ---> By.cssSelector: div.error div:first-child
20:21:32.340  INFO  manager.MyListener - WebDriver starts find element ---> By.cssSelector: [type='submit']
