17:35:04.220  INFO  manager.ApplicationManager - Current URL ---> https://ilcarro-1578153671498.web.app/search
17:35:04.335  INFO  tests.TestBase - Start method with name ->>addNewCarSuccess
17:35:09.415  INFO  manager.MyListener - WebDriver starts find element ---> By.xpath: //a[text()=' Log in ']
17:35:09.556  INFO  manager.MyListener - WebDriver starts find element ---> By.id: email
17:35:09.891  INFO  manager.MyListener - WebDriver starts find element ---> By.id: password
17:35:10.242  INFO  manager.MyListener - WebDriver starts find element ---> By.cssSelector: button[type='submit']
17:35:10.412  INFO  manager.MyListener - WebDriver starts find element ---> By.cssSelector: button[type='submit']
17:35:11.121  INFO  manager.MyListener - WebDriver starts find element ---> By.xpath: //button[text()='Ok']
17:35:11.350  INFO  tests.TestBase - Car is -> Car(address=Haifa, Israel, make=BMW, model=M5, year=2021, engine=2.5, fuel=Petrol, gear=AT, wD=AWD, doors=5, seats=4, clasS=C, fuelConsunption=6.5, carRegNumber=22-3331993, price=65, distanceIncluded=800, features=type of features, about=Very nice car)
17:35:12.366  INFO  manager.MyListener - WebDriver starts find element ---> By.id: 1
17:35:12.521  INFO  manager.MyListener - WebDriver starts find element ---> By.id: pickUpPlace
17:35:12.812  INFO  manager.MyListener - WebDriver starts find element ---> By.cssSelector: div.pac-item
17:35:13.749  INFO  manager.MyListener - WebDriver starts find element ---> By.id: make
17:35:14.013  INFO  manager.MyListener - WebDriver starts find element ---> By.id: model
17:35:14.252  INFO  manager.MyListener - WebDriver starts find element ---> By.id: year
17:35:14.488  INFO  manager.MyListener - WebDriver starts find element ---> By.id: engine
17:35:14.715  INFO  manager.MyListener - WebDriver starts find element ---> By.id: fuel
17:35:14.787  INFO  manager.MyListener - new before find by -->By.xpath: .//option[@value = "Petrol"]
17:35:14.827  INFO  manager.MyListener - WebDriver start found element by locator -->By.xpath: .//option[@value = "Petrol"]
17:35:14.882  INFO  manager.MyListener - WebDriver starts find element ---> By.id: gear
17:35:14.955  INFO  manager.MyListener - new before find by -->By.xpath: .//option[@value = "AT"]
17:35:15.000  INFO  manager.MyListener - WebDriver start found element by locator -->By.xpath: .//option[@value = "AT"]
17:35:15.062  INFO  manager.MyListener - WebDriver starts find element ---> By.id: wheelsDrive
17:35:15.132  INFO  manager.MyListener - new before find by -->By.xpath: .//option[@value = "AWD"]
17:35:15.166  INFO  manager.MyListener - WebDriver start found element by locator -->By.xpath: .//option[@value = "AWD"]
17:35:15.223  INFO  manager.MyListener - WebDriver starts find element ---> By.id: doors
17:35:15.452  INFO  manager.MyListener - WebDriver starts find element ---> By.id: seats
17:35:15.667  INFO  manager.MyListener - WebDriver starts find element ---> By.id: class
17:35:15.873  INFO  manager.MyListener - WebDriver starts find element ---> By.id: fuelConsumption
17:35:16.112  INFO  manager.MyListener - WebDriver starts find element ---> By.id: serialNumber
17:35:16.343  INFO  manager.MyListener - WebDriver starts find element ---> By.id: price
17:35:16.550  INFO  manager.MyListener - WebDriver starts find element ---> By.id: distance
17:35:16.804  INFO  manager.MyListener - WebDriver starts find element ---> By.cssSelector: input[placeholder='Type feature']
17:35:17.026  INFO  manager.MyListener - WebDriver starts find element ---> By.id: about
17:35:17.239  INFO  manager.MyListener - WebDriver starts find element ---> By.id: photos
17:35:17.340  INFO  manager.MyListener - WebDriver starts find element ---> By.cssSelector: button[type='submit']
17:35:19.104  INFO  manager.MyListener - WebDriver starts find element ---> By.cssSelector: button[type='submit']
17:35:21.215  INFO  manager.MyListener - WebDriver starts find element ---> By.cssSelector: div.dialog-container
17:35:21.351  INFO  manager.MyListener - WebDriver starts find element ---> By.cssSelector: div.dialog-container h1
17:35:21.419  INFO  manager.MyListener - WebDriver starts find element ---> By.xpath: //button[text()='Search cars']
17:35:21.527  INFO  tests.TestBase - Start method with name ->>loginNegativeTestsWrongEmail
17:35:21.562  INFO  manager.MyListener - WebDriver starts find element ---> By.xpath: //a[text()=' Logout ']
17:35:21.724  INFO  manager.MyListener - WebDriver starts find element ---> By.xpath: //a[text()=' Log in ']
17:35:21.875  INFO  manager.MyListener - WebDriver starts find element ---> By.id: email
17:35:22.997  INFO  manager.MyListener - WebDriver starts find element ---> By.id: password
17:35:23.301  INFO  manager.MyListener - WebDriver starts find element ---> By.cssSelector: button[type='submit']
17:35:23.388  INFO  manager.MyListener - WebDriver starts find element ---> By.cssSelector: button[type='submit']
17:35:25.507  INFO  manager.MyListener - WebDriver starts find element ---> By.cssSelector: div.dialog-container
17:35:25.566  INFO  manager.MyListener - WebDriver starts find element ---> By.cssSelector: div.dialog-container h1
17:35:25.654  INFO  manager.MyListener - WebDriver starts find element ---> By.xpath: //button[text()='Ok']
17:35:25.770  INFO  tests.TestBase - Start method with name ->>loginSuccess
17:35:30.831  INFO  tests.TestBase - Test start with email: d020797@gmail.com & password: Ww12345$
17:35:30.831  INFO  manager.MyListener - WebDriver starts find element ---> By.xpath: //a[text()=' Log in ']
17:35:30.914  INFO  manager.MyListener - WebDriver starts find element ---> By.id: email
17:35:31.794  INFO  manager.MyListener - WebDriver starts find element ---> By.id: password
17:35:32.010  INFO  manager.MyListener - WebDriver starts find element ---> By.cssSelector: button[type='submit']
17:35:32.071  INFO  manager.MyListener - WebDriver starts find element ---> By.cssSelector: button[type='submit']
17:35:34.144  INFO  manager.MyListener - WebDriver starts find element ---> By.cssSelector: div.dialog-container
17:35:34.211  INFO  manager.MyListener - WebDriver starts find element ---> By.cssSelector: div.dialog-container h1
17:35:34.309  INFO  manager.MyListener - WebDriver starts find element ---> By.xpath: //button[text()='Ok']
17:35:34.401  INFO  tests.TestBase - Start method with name ->>loginSuccess
17:35:34.433  INFO  manager.MyListener - WebDriver starts find element ---> By.xpath: //a[text()=' Logout ']
17:35:34.625  INFO  tests.TestBase - Test start with email: sonya@gmail.com & password: Ss12345$
17:35:34.626  INFO  manager.MyListener - WebDriver starts find element ---> By.xpath: //a[text()=' Log in ']
17:35:34.760  INFO  manager.MyListener - WebDriver starts find element ---> By.id: email
17:35:35.686  INFO  manager.MyListener - WebDriver starts find element ---> By.id: password
17:35:35.909  INFO  manager.MyListener - WebDriver starts find element ---> By.cssSelector: button[type='submit']
17:35:35.983  INFO  manager.MyListener - WebDriver starts find element ---> By.cssSelector: button[type='submit']
17:35:38.078  INFO  manager.MyListener - WebDriver starts find element ---> By.cssSelector: div.dialog-container
17:35:38.145  INFO  manager.MyListener - WebDriver starts find element ---> By.cssSelector: div.dialog-container h1
17:35:38.229  INFO  manager.MyListener - WebDriver starts find element ---> By.xpath: //button[text()='Ok']
17:35:38.322  INFO  tests.TestBase - Start method with name ->>loginSuccess
17:35:38.355  INFO  manager.MyListener - WebDriver starts find element ---> By.xpath: //a[text()=' Logout ']
17:35:38.493  INFO  tests.TestBase - Test start with email: d020797@gmail.com & password: Ww12345$
17:35:38.494  INFO  manager.MyListener - WebDriver starts find element ---> By.xpath: //a[text()=' Log in ']
17:35:38.589  INFO  manager.MyListener - WebDriver starts find element ---> By.id: email
17:35:39.441  INFO  manager.MyListener - WebDriver starts find element ---> By.id: password
17:35:39.671  INFO  manager.MyListener - WebDriver starts find element ---> By.cssSelector: button[type='submit']
17:35:39.748  INFO  manager.MyListener - WebDriver starts find element ---> By.cssSelector: button[type='submit']
17:35:41.844  INFO  manager.MyListener - WebDriver starts find element ---> By.cssSelector: div.dialog-container
17:35:41.906  INFO  manager.MyListener - WebDriver starts find element ---> By.cssSelector: div.dialog-container h1
17:35:41.993  INFO  manager.MyListener - WebDriver starts find element ---> By.xpath: //button[text()='Ok']
17:35:42.094  INFO  tests.TestBase - Start method with name ->>loginSuccess
17:35:42.125  INFO  manager.MyListener - WebDriver starts find element ---> By.xpath: //a[text()=' Logout ']
17:35:42.281  INFO  tests.TestBase - Test start with email: d020797@gmail.com & password: Ww12345$
17:35:42.282  INFO  manager.MyListener - WebDriver starts find element ---> By.xpath: //a[text()=' Log in ']
17:35:42.385  INFO  manager.MyListener - WebDriver starts find element ---> By.id: email
17:35:43.327  INFO  manager.MyListener - WebDriver starts find element ---> By.id: password
17:35:43.542  INFO  manager.MyListener - WebDriver starts find element ---> By.cssSelector: button[type='submit']
17:35:43.609  INFO  manager.MyListener - WebDriver starts find element ---> By.cssSelector: button[type='submit']
17:35:45.704  INFO  manager.MyListener - WebDriver starts find element ---> By.cssSelector: div.dialog-container
17:35:45.769  INFO  manager.MyListener - WebDriver starts find element ---> By.cssSelector: div.dialog-container h1
17:35:45.851  INFO  manager.MyListener - WebDriver starts find element ---> By.xpath: //button[text()='Ok']
17:35:45.938  INFO  tests.TestBase - Start method with name ->>loginSuccess2
17:35:45.966  INFO  manager.MyListener - WebDriver starts find element ---> By.xpath: //a[text()=' Logout ']
17:35:46.111  INFO  manager.MyListener - WebDriver starts find element ---> By.xpath: //a[text()=' Log in ']
17:35:46.249  INFO  manager.MyListener - WebDriver starts find element ---> By.id: email
17:35:47.229  INFO  manager.MyListener - WebDriver starts find element ---> By.id: password
17:35:47.431  INFO  manager.MyListener - WebDriver starts find element ---> By.cssSelector: button[type='submit']
17:35:47.518  INFO  manager.MyListener - WebDriver starts find element ---> By.cssSelector: button[type='submit']
17:35:49.655  INFO  manager.MyListener - WebDriver starts find element ---> By.cssSelector: div.dialog-container
17:35:49.715  INFO  manager.MyListener - WebDriver starts find element ---> By.cssSelector: div.dialog-container h1
17:35:49.799  INFO  manager.MyListener - WebDriver starts find element ---> By.xpath: //button[text()='Ok']
17:35:49.897  INFO  tests.TestBase - Start method with name ->>loginSuccessDP
17:35:49.932  INFO  manager.MyListener - WebDriver starts find element ---> By.xpath: //a[text()=' Logout ']
17:35:50.091  INFO  manager.MyListener - WebDriver starts find element ---> By.xpath: //a[text()=' Log in ']
17:35:50.188  INFO  manager.MyListener - WebDriver starts find element ---> By.id: email
17:35:50.430  INFO  manager.MyListener - WebDriver starts find element ---> By.id: password
17:35:50.636  INFO  manager.MyListener - WebDriver starts find element ---> By.cssSelector: button[type='submit']
17:35:50.728  INFO  manager.MyListener - WebDriver starts find element ---> By.cssSelector: button[type='submit']
17:35:52.843  INFO  manager.MyListener - WebDriver starts find element ---> By.cssSelector: div.dialog-container
17:35:52.906  INFO  manager.MyListener - WebDriver starts find element ---> By.cssSelector: div.dialog-container h1
17:35:52.992  INFO  manager.MyListener - WebDriver starts find element ---> By.xpath: //button[text()='Ok']
17:35:53.067  INFO  tests.TestBase - Start method with name ->>loginSuccessDP
17:35:53.095  INFO  manager.MyListener - WebDriver starts find element ---> By.xpath: //a[text()=' Logout ']
17:35:53.219  INFO  manager.MyListener - WebDriver starts find element ---> By.xpath: //a[text()=' Log in ']
17:35:53.323  INFO  manager.MyListener - WebDriver starts find element ---> By.id: email
17:35:53.539  INFO  manager.MyListener - WebDriver starts find element ---> By.id: password
17:35:53.747  INFO  manager.MyListener - WebDriver starts find element ---> By.cssSelector: button[type='submit']
17:35:53.809  INFO  manager.MyListener - WebDriver starts find element ---> By.cssSelector: button[type='submit']
17:35:55.907  INFO  manager.MyListener - WebDriver starts find element ---> By.cssSelector: div.dialog-container
17:35:55.975  INFO  manager.MyListener - WebDriver starts find element ---> By.cssSelector: div.dialog-container h1
17:35:56.058  INFO  manager.MyListener - WebDriver starts find element ---> By.xpath: //button[text()='Ok']
17:35:56.140  INFO  tests.TestBase - Start method with name ->>loginSuccessDP
17:35:56.168  INFO  manager.MyListener - WebDriver starts find element ---> By.xpath: //a[text()=' Logout ']
17:35:56.302  INFO  manager.MyListener - WebDriver starts find element ---> By.xpath: //a[text()=' Log in ']
17:35:56.400  INFO  manager.MyListener - WebDriver starts find element ---> By.id: email
17:35:56.637  INFO  manager.MyListener - WebDriver starts find element ---> By.id: password
17:35:56.869  INFO  manager.MyListener - WebDriver starts find element ---> By.cssSelector: button[type='submit']
17:35:56.968  INFO  manager.MyListener - WebDriver starts find element ---> By.cssSelector: button[type='submit']
17:35:59.096  INFO  manager.MyListener - WebDriver starts find element ---> By.cssSelector: div.dialog-container
17:35:59.159  INFO  manager.MyListener - WebDriver starts find element ---> By.cssSelector: div.dialog-container h1
17:35:59.255  INFO  manager.MyListener - WebDriver starts find element ---> By.xpath: //button[text()='Ok']
17:35:59.353  INFO  tests.TestBase - Start method with name ->>registrationSuccess2
17:35:59.384  INFO  manager.MyListener - WebDriver starts find element ---> By.xpath: //a[text()=' Logout ']
17:35:59.595  INFO  manager.MyListener - WebDriver starts find element ---> By.xpath: //a[text()=' Sign up ']
17:35:59.727  INFO  manager.MyListener - WebDriver starts find element ---> By.id: password
17:35:59.757  INFO  manager.MyListener - WebDriver starts find element ---> By.id: name
17:35:59.984  INFO  manager.MyListener - WebDriver starts find element ---> By.id: lastName
17:36:00.251  INFO  manager.MyListener - WebDriver starts find element ---> By.id: email
17:36:00.599  INFO  manager.MyListener - WebDriver starts find element ---> By.id: password
17:36:00.899  INFO  manager.MyListener - WebDriver starts find element ---> By.cssSelector: button[type='submit']
17:36:00.951  INFO  manager.MyListener - WebDriver starts find element ---> By.cssSelector: button[type='submit']
17:36:03.045  INFO  manager.MyListener - WebDriver starts find element ---> By.cssSelector: div.dialog-container
17:36:03.106  INFO  manager.MyListener - WebDriver starts find element ---> By.cssSelector: div.dialog-container h1
17:36:03.185  INFO  manager.MyListener - WebDriver starts find element ---> By.xpath: //button[text()='Ok']
17:36:03.263  INFO  tests.TestBase - Start method with name ->>registrationWrongPasswordFormatSize
17:36:03.294  INFO  manager.MyListener - WebDriver starts find element ---> By.xpath: //a[text()=' Logout ']
17:36:03.432  INFO  manager.MyListener - WebDriver starts find element ---> By.xpath: //a[text()=' Sign up ']
17:36:03.582  INFO  manager.MyListener - WebDriver starts find element ---> By.id: password
17:36:03.614  INFO  manager.MyListener - WebDriver starts find element ---> By.id: name
17:36:03.815  INFO  manager.MyListener - WebDriver starts find element ---> By.id: lastName
17:36:04.084  INFO  manager.MyListener - WebDriver starts find element ---> By.id: email
17:36:04.443  INFO  manager.MyListener - WebDriver starts find element ---> By.id: password
17:36:05.270  INFO  manager.MyListener - WebDriver starts find element ---> By.cssSelector: div.error div:last-child
17:36:05.330  INFO  manager.MyListener - WebDriver starts find element ---> By.cssSelector: div.error div:last-child
17:36:05.381  INFO  manager.MyListener - WebDriver starts find element ---> By.cssSelector: div.error div:first-child
17:36:05.442  INFO  manager.MyListener - WebDriver starts find element ---> By.cssSelector: div.error div:first-child
17:36:05.518  INFO  manager.MyListener - WebDriver starts find element ---> By.cssSelector: [type='submit']
17:36:10.627  INFO  tests.TestBase - Start method with name ->>searchAnyPeriod
17:36:10.628  INFO  manager.MyListener - WebDriver starts find element ---> By.cssSelector: #dates
17:36:15.695  INFO  manager.MyListener - The name of method with error ->>>findElement
17:36:15.705  INFO  manager.MyListener - We have a problemorg.openqa.selenium.NoSuchElementException: no such element: Unable to locate element: {"method":"css selector","selector":"#dates"}
  (Session info: chrome=103.0.5060.134)
For documentation on this error, please visit: https://selenium.dev/exceptions/#no_such_element
Build info: version: '4.2.2', revision: '683ccb65d6'
System info: host: 'LAPTOP-GAODKJDU', ip: '192.168.1.14', os.name: 'Windows 11', os.arch: 'amd64', os.version: '10.0', java.version: '11.0.15.1'
Driver info: org.openqa.selenium.chrome.ChromeDriver
Command: [5c53b08b80f6db85f5c7f0211680e06c, findElement {using=css selector, value=#dates}]
Capabilities {acceptInsecureCerts: false, browserName: chrome, browserVersion: 103.0.5060.134, chrome: {chromedriverVersion: 103.0.5060.53 (a1711811edd7..., userDataDir: C:\Users\Dmitrii\AppData\Lo...}, goog:chromeOptions: {debuggerAddress: localhost:61981}, networkConnectionEnabled: false, pageLoadStrategy: normal, platformName: WINDOWS, proxy: Proxy(), se:cdp: ws://localhost:61981/devtoo..., se:cdpVersion: 103.0.5060.134, setWindowRect: true, strictFileInteractability: false, timeouts: {implicit: 0, pageLoad: 300000, script: 30000}, unhandledPromptBehavior: dismiss and notify, webauthn:extension:credBlob: true, webauthn:extension:largeBlob: true, webauthn:virtualAuthenticators: true}
Session ID: 5c53b08b80f6db85f5c7f0211680e06c
17:36:15.709  INFO  manager.MyListener - WebDriver starts find element ---> By.cssSelector: .logo
17:36:16.338  INFO  tests.TestBase - Start method with name ->>searchCurrentMounts
17:36:17.352  INFO  manager.MyListener - WebDriver starts find element ---> By.id: city
17:36:17.606  INFO  manager.MyListener - WebDriver starts find element ---> By.cssSelector: .pac-item
17:36:18.394  INFO  manager.MyListener - WebDriver starts find element ---> By.cssSelector: #dates
17:36:18.507  INFO  manager.MyListener - WebDriver starts find element ---> By.cssSelector: #dates
17:36:18.623  INFO  manager.MyListener - WebDriver starts find element ---> By.xpath: //div[text()=' 28 ']
17:36:18.714  INFO  manager.MyListener - WebDriver starts find element ---> By.xpath: //div[text() = ' 27 ']
17:36:18.816  INFO  manager.MyListener - WebDriver starts find element ---> By.cssSelector: button[type='submit']
17:36:18.903  INFO  manager.MyListener - WebDriver starts find element ---> By.cssSelector: button[type='submit']
17:36:20.208  INFO  manager.MyListener - WebDriver starts find element ---> By.cssSelector: .logo
17:36:20.589  INFO  tests.TestBase - Start method with name ->>searchCurrentYear
17:36:20.590  INFO  manager.MyListener - WebDriver starts find element ---> By.cssSelector: #dates
17:36:21.733  INFO  manager.MyListener - WebDriver starts find element ---> By.id: city
17:36:22.016  INFO  manager.MyListener - WebDriver starts find element ---> By.cssSelector: .pac-item
17:36:24.379  INFO  manager.MyListener - WebDriver starts find element ---> By.cssSelector: #dates
17:36:24.502  INFO  manager.MyListener - WebDriver starts find element ---> By.cssSelector: #dates
17:36:24.624  INFO  manager.MyListener - WebDriver starts find element ---> By.xpath: //button[@aria-label='Next month']
17:36:24.775  INFO  manager.MyListener - WebDriver starts find element ---> By.xpath: //div[text()=' 30 ']
17:36:24.893  INFO  manager.MyListener - WebDriver starts find element ---> By.xpath: //button[@aria-label='Next month']
17:36:24.970  INFO  manager.MyListener - WebDriver starts find element ---> By.xpath: //button[@aria-label='Next month']
17:36:25.072  INFO  manager.MyListener - WebDriver starts find element ---> By.xpath: //button[@aria-label='Next month']
17:36:25.184  INFO  manager.MyListener - WebDriver starts find element ---> By.xpath: //button[@aria-label='Next month']
17:36:25.300  INFO  manager.MyListener - WebDriver starts find element ---> By.xpath: //div[text()=' 02 ']
17:36:30.355  INFO  manager.MyListener - The name of method with error ->>>findElement
17:36:30.355  INFO  manager.MyListener - We have a problemorg.openqa.selenium.NoSuchElementException: no such element: Unable to locate element: {"method":"xpath","selector":"//div[text()=' 02 ']"}
  (Session info: chrome=103.0.5060.134)
For documentation on this error, please visit: https://selenium.dev/exceptions/#no_such_element
Build info: version: '4.2.2', revision: '683ccb65d6'
System info: host: 'LAPTOP-GAODKJDU', ip: '192.168.1.14', os.name: 'Windows 11', os.arch: 'amd64', os.version: '10.0', java.version: '11.0.15.1'
Driver info: org.openqa.selenium.chrome.ChromeDriver
Command: [5c53b08b80f6db85f5c7f0211680e06c, findElement {using=xpath, value=//div[text()=' 02 ']}]
Capabilities {acceptInsecureCerts: false, browserName: chrome, browserVersion: 103.0.5060.134, chrome: {chromedriverVersion: 103.0.5060.53 (a1711811edd7..., userDataDir: C:\Users\Dmitrii\AppData\Lo...}, goog:chromeOptions: {debuggerAddress: localhost:61981}, networkConnectionEnabled: false, pageLoadStrategy: normal, platformName: WINDOWS, proxy: Proxy(), se:cdp: ws://localhost:61981/devtoo..., se:cdpVersion: 103.0.5060.134, setWindowRect: true, strictFileInteractability: false, timeouts: {implicit: 0, pageLoad: 300000, script: 30000}, unhandledPromptBehavior: dismiss and notify, webauthn:extension:credBlob: true, webauthn:extension:largeBlob: true, webauthn:virtualAuthenticators: true}
Session ID: 5c53b08b80f6db85f5c7f0211680e06c
17:36:30.358  INFO  manager.MyListener - WebDriver starts find element ---> By.cssSelector: .logo
17:36:31.522  INFO  manager.MyListener - The name of method with error ->>>click
17:36:31.523  INFO  manager.MyListener - We have a problemorg.openqa.selenium.ElementClickInterceptedException: element click intercepted: Element <a _ngcontent-lvq-c25="" href="/" class="logo">...</a> is not clickable at point (220, 34). Other element would receive the click: <button mat-button="" type="button" cdkarialive="polite" class="mat-focus-indicator mat-calendar-period-button mat-button mat-button-base" aria-label="Choose month and year">...</button>
  (Session info: chrome=103.0.5060.134)
Build info: version: '4.2.2', revision: '683ccb65d6'
System info: host: 'LAPTOP-GAODKJDU', ip: '192.168.1.14', os.name: 'Windows 11', os.arch: 'amd64', os.version: '10.0', java.version: '11.0.15.1'
Driver info: org.openqa.selenium.chrome.ChromeDriver
Command: [5c53b08b80f6db85f5c7f0211680e06c, clickElement {id=5eee3895-c48a-4cf8-b3ee-afa65fcc8eb5}]
Capabilities {acceptInsecureCerts: false, browserName: chrome, browserVersion: 103.0.5060.134, chrome: {chromedriverVersion: 103.0.5060.53 (a1711811edd7..., userDataDir: C:\Users\Dmitrii\AppData\Lo...}, goog:chromeOptions: {debuggerAddress: localhost:61981}, networkConnectionEnabled: false, pageLoadStrategy: normal, platformName: WINDOWS, proxy: Proxy(), se:cdp: ws://localhost:61981/devtoo..., se:cdpVersion: 103.0.5060.134, setWindowRect: true, strictFileInteractability: false, timeouts: {implicit: 0, pageLoad: 300000, script: 30000}, unhandledPromptBehavior: dismiss and notify, webauthn:extension:credBlob: true, webauthn:extension:largeBlob: true, webauthn:virtualAuthenticators: true}
Element: [[ChromeDriver: chrome on WINDOWS (5c53b08b80f6db85f5c7f0211680e06c)] -> css selector: .logo]
Session ID: 5c53b08b80f6db85f5c7f0211680e06c
