18:48:16.108  INFO  manager.ApplicationManager - Current URL ---> https://ilcarro-1578153671498.web.app/search
18:48:16.139  INFO  tests.TestBase - Start method with name ->>searchCurrentMounts
18:48:16.142  INFO  manager.MyListener - WebDriver starts find element ---> By.id: city
18:48:16.295  INFO  manager.MyListener - WebDriver starts find element ---> By.cssSelector: .pac-item
18:48:17.231  INFO  manager.MyListener - WebDriver starts find element ---> By.id: dates
18:48:17.367  INFO  manager.MyListener - WebDriver starts find element ---> By.xpath: //div[text()=' 28 ']
18:48:17.469  INFO  manager.MyListener - WebDriver starts find element ---> By.xpath: //div[text() = ' 27 ']
18:48:17.563  INFO  manager.MyListener - WebDriver starts find element ---> By.cssSelector: button[type='submit']
18:48:17.641  INFO  manager.MyListener - WebDriver starts find element ---> By.cssSelector: button[type='submit']
18:48:18.948  INFO  manager.MyListener - WebDriver starts find element ---> By.cssSelector: .logo
18:48:19.282  INFO  tests.TestBase - Start method with name ->>searchCurrentYear
18:48:19.283  INFO  manager.MyListener - WebDriver starts find element ---> By.id: city
18:48:19.475  INFO  manager.MyListener - WebDriver starts find element ---> By.cssSelector: .pac-item
18:48:20.469  INFO  manager.MyListener - WebDriver starts find element ---> By.id: dates
18:48:20.557  INFO  manager.MyListener - WebDriver starts find element ---> By.xpath: //div[text()=' 30 ']
18:48:20.635  INFO  manager.MyListener - WebDriver starts find element ---> By.xpath: //button[@aria-label='Next month']
18:48:20.708  INFO  manager.MyListener - WebDriver starts find element ---> By.xpath: //button[@aria-label='Next month']
18:48:20.775  INFO  manager.MyListener - WebDriver starts find element ---> By.xpath: //button[@aria-label='Next month']
18:48:20.843  INFO  manager.MyListener - WebDriver starts find element ---> By.xpath: //button[@aria-label='Next month']
18:48:20.912  INFO  manager.MyListener - WebDriver starts find element ---> By.xpath: //button[@aria-label='Next month']
18:48:20.979  INFO  manager.MyListener - WebDriver starts find element ---> By.xpath: //div[text()=' 2 ']
18:48:21.063  INFO  manager.MyListener - WebDriver starts find element ---> By.cssSelector: button[type='submit']
18:48:21.113  INFO  manager.MyListener - WebDriver starts find element ---> By.cssSelector: button[type='submit']
18:48:22.151  INFO  manager.MyListener - WebDriver starts find element ---> By.cssSelector: .logo
