19:39:13.049  INFO  manager.ApplicationManager - Current URL ---> https://ilcarro-1578153671498.web.app/search
19:39:13.084  INFO  tests.TestBase - Start method with name ->>searchCurrentYearLocalDate
19:39:13.086  INFO  manager.MyListener - WebDriver starts find element ---> By.id: city
19:39:13.251  INFO  manager.MyListener - WebDriver starts find element ---> By.cssSelector: .pac-item
19:39:14.223  INFO  manager.MyListener - WebDriver starts find element ---> By.id: dates
19:39:14.350  INFO  manager.MyListener - WebDriver starts find element ---> By.xpath: //div[text()=' 10 ']
19:39:14.422  INFO  manager.MyListener - WebDriver starts find element ---> By.xpath: //button[@aria-label='Next month']
19:39:14.511  INFO  manager.MyListener - WebDriver starts find element ---> By.xpath: //button[@aria-label='Next month']
19:39:14.598  INFO  manager.MyListener - WebDriver starts find element ---> By.xpath: //button[@aria-label='Next month']
19:39:14.665  INFO  manager.MyListener - WebDriver starts find element ---> By.xpath: //button[@aria-label='Next month']
19:39:14.736  INFO  manager.MyListener - WebDriver starts find element ---> By.xpath: //button[@aria-label='Next month']
19:39:14.806  INFO  manager.MyListener - WebDriver starts find element ---> By.xpath: //div[text()=' 2 ']
19:39:14.888  INFO  manager.MyListener - WebDriver starts find element ---> By.cssSelector: button[type='submit']
19:39:32.585  INFO  manager.MyListener - The name of method with error ->>>isDisplayed
19:39:32.589  INFO  manager.MyListener - We have a problemorg.openqa.selenium.WebDriverException: chrome not reachable
  (Session info: chrome=103.0.5060.114)
Build info: version: '4.2.2', revision: '683ccb65d6'
System info: host: 'LAPTOP-GAODKJDU', ip: '192.168.1.14', os.name: 'Windows 11', os.arch: 'amd64', os.version: '10.0', java.version: '11.0.15.1'
Driver info: org.openqa.selenium.chrome.ChromeDriver
Command: [d51c26918e964457176c575d234246c2, isElementDisplayed {id=2ec089c2-12ee-4089-907f-7c58b33c9c46}]
Capabilities {acceptInsecureCerts: false, browserName: chrome, browserVersion: 103.0.5060.114, chrome: {chromedriverVersion: 103.0.5060.53 (a1711811edd7..., userDataDir: C:\Users\Dmitrii\AppData\Lo...}, goog:chromeOptions: {debuggerAddress: localhost:57071}, networkConnectionEnabled: false, pageLoadStrategy: normal, platformName: WINDOWS, proxy: Proxy(), se:cdp: ws://localhost:57071/devtoo..., se:cdpVersion: 103.0.5060.114, setWindowRect: true, strictFileInteractability: false, timeouts: {implicit: 0, pageLoad: 300000, script: 30000}, unhandledPromptBehavior: dismiss and notify, webauthn:extension:credBlob: true, webauthn:extension:largeBlob: true, webauthn:virtualAuthenticators: true}
Element: [[ChromeDriver: chrome on WINDOWS (d51c26918e964457176c575d234246c2)] -> css selector: button[type='submit']]
Session ID: d51c26918e964457176c575d234246c2
19:39:32.592  INFO  manager.MyListener - WebDriver starts find element ---> By.cssSelector: .logo
19:39:44.766  INFO  manager.MyListener - The name of method with error ->>>findElement
19:39:44.767  INFO  manager.MyListener - We have a problemorg.openqa.selenium.WebDriverException: chrome not reachable
  (Session info: chrome=103.0.5060.114)
Build info: version: '4.2.2', revision: '683ccb65d6'
System info: host: 'LAPTOP-GAODKJDU', ip: '192.168.1.14', os.name: 'Windows 11', os.arch: 'amd64', os.version: '10.0', java.version: '11.0.15.1'
Driver info: org.openqa.selenium.chrome.ChromeDriver
Command: [d51c26918e964457176c575d234246c2, findElement {using=css selector, value=.logo}]
Capabilities {acceptInsecureCerts: false, browserName: chrome, browserVersion: 103.0.5060.114, chrome: {chromedriverVersion: 103.0.5060.53 (a1711811edd7..., userDataDir: C:\Users\Dmitrii\AppData\Lo...}, goog:chromeOptions: {debuggerAddress: localhost:57071}, networkConnectionEnabled: false, pageLoadStrategy: normal, platformName: WINDOWS, proxy: Proxy(), se:cdp: ws://localhost:57071/devtoo..., se:cdpVersion: 103.0.5060.114, setWindowRect: true, strictFileInteractability: false, timeouts: {implicit: 0, pageLoad: 300000, script: 30000}, unhandledPromptBehavior: dismiss and notify, webauthn:extension:credBlob: true, webauthn:extension:largeBlob: true, webauthn:virtualAuthenticators: true}
Session ID: d51c26918e964457176c575d234246c2
